2025-10-23 07:27:00,246 - INFO - [main.collect_all_data] - --- 开始新一轮数据采集 ---
2025-10-23 07:27:00,258 - INFO - [main.collect_all_data] - --- 处理第 1 页 (Ranks 1-250) ---
2025-10-23 07:27:00,259 - INFO - [data_fetcher.fetch_coin_data] - 正在获取第 1 页数据（第 1 次尝试）...
2025-10-23 07:27:00,833 - INFO - [data_fetcher.verify_batch_data] - 当前批次市值范围: $291,888,359.00 - $2,183,592,927,754.00
2025-10-23 07:27:00,834 - INFO - [database.save_to_database] - 准备保存数据... 对齐时间戳: 1761204420000 (2025-10-23 07:27:00 UTC)
2025-10-23 07:27:00,876 - INFO - [database.save_to_database] - 成功保存并验证 250 条记录 (Rank: 1 ...)
2025-10-23 07:27:00,877 - INFO - [main.collect_all_data] - 第 1 页处理完成，耗时 0.62 秒
2025-10-23 07:27:01,878 - INFO - [main.collect_all_data] - --- 处理第 2 页 (Ranks 251-500) ---
2025-10-23 07:27:01,879 - INFO - [data_fetcher.fetch_coin_data] - 正在获取第 2 页数据（第 1 次尝试）...
2025-10-23 07:27:02,518 - INFO - [data_fetcher.verify_batch_data] - 当前批次市值范围: $97,915,644.00 - $291,255,849.00
2025-10-23 07:27:02,520 - INFO - [database.save_to_database] - 准备保存数据... 对齐时间戳: 1761204420000 (2025-10-23 07:27:00 UTC)
2025-10-23 07:27:02,555 - INFO - [database.save_to_database] - 成功保存并验证 250 条记录 (Rank: 251 ...)
2025-10-23 07:27:02,556 - INFO - [main.collect_all_data] - 第 2 页处理完成，耗时 0.68 秒
2025-10-23 07:27:03,557 - INFO - [main.collect_all_data] - --- 处理第 3 页 (Ranks 501-750) ---
2025-10-23 07:27:03,557 - INFO - [data_fetcher.fetch_coin_data] - 正在获取第 3 页数据（第 1 次尝试）...
2025-10-23 07:27:04,216 - INFO - [data_fetcher.verify_batch_data] - 当前批次市值范围: $48,511,921.00 - $97,462,896.00
2025-10-23 07:27:04,221 - INFO - [database.save_to_database] - 准备保存数据... 对齐时间戳: 1761204420000 (2025-10-23 07:27:00 UTC)
2025-10-23 07:27:04,249 - INFO - [database.save_to_database] - 成功保存并验证 250 条记录 (Rank: 501 ...)
2025-10-23 07:27:04,249 - INFO - [main.collect_all_data] - 第 3 页处理完成，耗时 0.69 秒
2025-10-23 07:27:05,250 - INFO - [main.collect_all_data] - --- 处理第 4 页 (Ranks 751-1000) ---
2025-10-23 07:27:05,251 - INFO - [data_fetcher.fetch_coin_data] - 正在获取第 4 页数据（第 1 次尝试）...
2025-10-23 07:27:05,891 - INFO - [data_fetcher.verify_batch_data] - 当前批次市值范围: $31,652,589.00 - $48,414,453.00
2025-10-23 07:27:05,893 - INFO - [database.save_to_database] - 准备保存数据... 对齐时间戳: 1761204420000 (2025-10-23 07:27:00 UTC)
2025-10-23 07:27:05,922 - INFO - [database.save_to_database] - 成功保存并验证 250 条记录 (Rank: 751 ...)
2025-10-23 07:27:05,922 - INFO - [main.collect_all_data] - 第 4 页处理完成，耗时 0.67 秒
2025-10-23 07:27:06,924 - INFO - [main.collect_all_data] - --- 处理第 5 页 (Ranks 1001-1250) ---
2025-10-23 07:27:06,924 - INFO - [data_fetcher.fetch_coin_data] - 正在获取第 5 页数据（第 1 次尝试）...
2025-10-23 07:27:07,612 - INFO - [data_fetcher.verify_batch_data] - 当前批次市值范围: $21,345,959.00 - $31,610,502.00
2025-10-23 07:27:07,613 - INFO - [database.save_to_database] - 准备保存数据... 对齐时间戳: 1761204420000 (2025-10-23 07:27:00 UTC)
2025-10-23 07:27:07,638 - INFO - [database.save_to_database] - 成功保存并验证 250 条记录 (Rank: 1000 ...)
2025-10-23 07:27:07,638 - INFO - [main.collect_all_data] - 第 5 页处理完成，耗时 0.71 秒
2025-10-23 07:27:08,639 - INFO - [main.collect_all_data] - --- 处理第 6 页 (Ranks 1251-1500) ---
2025-10-23 07:27:08,639 - INFO - [data_fetcher.fetch_coin_data] - 正在获取第 6 页数据（第 1 次尝试）...
2025-10-23 07:27:09,329 - INFO - [data_fetcher.verify_batch_data] - 当前批次市值范围: $14,300,144.00 - $21,263,317.00
2025-10-23 07:27:09,331 - INFO - [database.save_to_database] - 准备保存数据... 对齐时间戳: 1761204420000 (2025-10-23 07:27:00 UTC)
2025-10-23 07:27:09,366 - INFO - [database.save_to_database] - 成功保存并验证 250 条记录 (Rank: 1251 ...)
2025-10-23 07:27:09,367 - INFO - [main.collect_all_data] - 第 6 页处理完成，耗时 0.73 秒
2025-10-23 07:27:10,368 - INFO - [main.collect_all_data] - --- 处理第 7 页 (Ranks 1501-1750) ---
2025-10-23 07:27:10,368 - INFO - [data_fetcher.fetch_coin_data] - 正在获取第 7 页数据（第 1 次尝试）...
2025-10-23 07:27:11,058 - INFO - [data_fetcher.verify_batch_data] - 当前批次市值范围: $9,980,176.00 - $14,282,160.00
2025-10-23 07:27:11,060 - INFO - [database.save_to_database] - 准备保存数据... 对齐时间戳: 1761204420000 (2025-10-23 07:27:00 UTC)
2025-10-23 07:27:11,089 - INFO - [database.save_to_database] - 成功保存并验证 250 条记录 (Rank: 1501 ...)
2025-10-23 07:27:11,089 - INFO - [main.collect_all_data] - 第 7 页处理完成，耗时 0.72 秒
2025-10-23 07:27:12,090 - INFO - [main.collect_all_data] - --- 处理第 8 页 (Ranks 1751-2000) ---
2025-10-23 07:27:12,091 - INFO - [data_fetcher.fetch_coin_data] - 正在获取第 8 页数据（第 1 次尝试）...
2025-10-23 07:27:12,746 - INFO - [data_fetcher.verify_batch_data] - 当前批次市值范围: $7,073,392.00 - $9,962,319.00
2025-10-23 07:27:12,747 - INFO - [database.save_to_database] - 准备保存数据... 对齐时间戳: 1761204420000 (2025-10-23 07:27:00 UTC)
2025-10-23 07:27:12,776 - INFO - [database.save_to_database] - 成功保存并验证 250 条记录 (Rank: 1750 ...)
2025-10-23 07:27:12,776 - INFO - [main.collect_all_data] - 第 8 页处理完成，耗时 0.69 秒
2025-10-23 07:27:13,777 - INFO - [main.collect_all_data] - --- 处理第 9 页 (Ranks 2001-2250) ---
2025-10-23 07:27:13,778 - INFO - [data_fetcher.fetch_coin_data] - 正在获取第 9 页数据（第 1 次尝试）...
2025-10-23 07:27:14,478 - INFO - [data_fetcher.verify_batch_data] - 当前批次市值范围: $5,240,811.00 - $7,070,246.00
2025-10-23 07:27:14,480 - INFO - [database.save_to_database] - 准备保存数据... 对齐时间戳: 1761204420000 (2025-10-23 07:27:00 UTC)
2025-10-23 07:27:14,520 - INFO - [database.save_to_database] - 成功保存并验证 250 条记录 (Rank: 1999 ...)
2025-10-23 07:27:14,520 - INFO - [main.collect_all_data] - 第 9 页处理完成，耗时 0.74 秒
2025-10-23 07:27:15,521 - INFO - [main.collect_all_data] - --- 处理第 10 页 (Ranks 2251-2500) ---
2025-10-23 07:27:15,522 - INFO - [data_fetcher.fetch_coin_data] - 正在获取第 10 页数据（第 1 次尝试）...
2025-10-23 07:27:16,234 - INFO - [data_fetcher.verify_batch_data] - 当前批次市值范围: $3,971,513.00 - $5,236,229.00
2025-10-23 07:27:16,236 - INFO - [database.save_to_database] - 准备保存数据... 对齐时间戳: 1761204420000 (2025-10-23 07:27:00 UTC)
2025-10-23 07:27:16,251 - INFO - [database.save_to_database] - 成功保存并验证 250 条记录 (Rank: 2250 ...)
2025-10-23 07:27:16,252 - INFO - [main.collect_all_data] - 第 10 页处理完成，耗时 0.73 秒
2025-10-23 07:27:17,253 - INFO - [main.collect_all_data] - --- 处理第 11 页 (Ranks 2501-2750) ---
2025-10-23 07:27:17,253 - INFO - [data_fetcher.fetch_coin_data] - 正在获取第 11 页数据（第 1 次尝试）...
2025-10-23 07:27:17,841 - INFO - [data_fetcher.verify_batch_data] - 当前批次市值范围: $3,058,821.00 - $3,971,248.00
2025-10-23 07:27:17,842 - INFO - [database.save_to_database] - 准备保存数据... 对齐时间戳: 1761204420000 (2025-10-23 07:27:00 UTC)
2025-10-23 07:27:17,862 - INFO - [database.save_to_database] - 成功保存并验证 250 条记录 (Rank: 2501 ...)
2025-10-23 07:27:17,863 - INFO - [main.collect_all_data] - 第 11 页处理完成，耗时 0.61 秒
2025-10-23 07:27:18,864 - INFO - [main.collect_all_data] - --- 处理第 12 页 (Ranks 2751-3000) ---
2025-10-23 07:27:18,864 - INFO - [data_fetcher.fetch_coin_data] - 正在获取第 12 页数据（第 1 次尝试）...
2025-10-23 07:27:19,532 - INFO - [data_fetcher.verify_batch_data] - 当前批次市值范围: $2,374,569.00 - $3,052,998.00
2025-10-23 07:27:19,533 - INFO - [database.save_to_database] - 准备保存数据... 对齐时间戳: 1761204420000 (2025-10-23 07:27:00 UTC)
2025-10-23 07:27:19,563 - INFO - [database.save_to_database] - 成功保存并验证 250 条记录 (Rank: 2752 ...)
2025-10-23 07:27:19,563 - INFO - [main.collect_all_data] - 第 12 页处理完成，耗时 0.70 秒
2025-10-23 07:27:20,564 - INFO - [main.collect_all_data] - --- 处理第 13 页 (Ranks 3001-3250) ---
2025-10-23 07:27:20,565 - INFO - [data_fetcher.fetch_coin_data] - 正在获取第 13 页数据（第 1 次尝试）...
2025-10-23 07:27:21,287 - INFO - [data_fetcher.verify_batch_data] - 当前批次市值范围: $1,931,625.00 - $2,374,117.00
2025-10-23 07:27:21,289 - INFO - [database.save_to_database] - 准备保存数据... 对齐时间戳: 1761204420000 (2025-10-23 07:27:00 UTC)
2025-10-23 07:27:21,316 - INFO - [database.save_to_database] - 成功保存并验证 250 条记录 (Rank: 3002 ...)
2025-10-23 07:27:21,316 - INFO - [main.collect_all_data] - 第 13 页处理完成，耗时 0.75 秒
2025-10-23 07:27:22,318 - INFO - [main.collect_all_data] - --- 处理第 14 页 (Ranks 3251-3500) ---
2025-10-23 07:27:22,318 - INFO - [data_fetcher.fetch_coin_data] - 正在获取第 14 页数据（第 1 次尝试）...
2025-10-23 07:27:23,044 - INFO - [data_fetcher.verify_batch_data] - 当前批次市值范围: $1,535,120.00 - $1,927,633.00
2025-10-23 07:27:23,045 - INFO - [database.save_to_database] - 准备保存数据... 对齐时间戳: 1761204420000 (2025-10-23 07:27:00 UTC)
2025-10-23 07:27:23,066 - INFO - [database.save_to_database] - 成功保存并验证 250 条记录 (Rank: 3252 ...)
2025-10-23 07:27:23,066 - INFO - [main.collect_all_data] - 第 14 页处理完成，耗时 0.75 秒
2025-10-23 07:27:24,067 - INFO - [main.collect_all_data] - --- 处理第 15 页 (Ranks 3501-3750) ---
2025-10-23 07:27:24,067 - INFO - [data_fetcher.fetch_coin_data] - 正在获取第 15 页数据（第 1 次尝试）...
2025-10-23 07:27:24,786 - INFO - [data_fetcher.verify_batch_data] - 当前批次市值范围: $1,251,368.00 - $1,532,842.00
2025-10-23 07:27:24,788 - INFO - [database.save_to_database] - 准备保存数据... 对齐时间戳: 1761204420000 (2025-10-23 07:27:00 UTC)
2025-10-23 07:27:24,814 - INFO - [database.save_to_database] - 成功保存并验证 250 条记录 (Rank: 3501 ...)
2025-10-23 07:27:24,814 - INFO - [main.collect_all_data] - 第 15 页处理完成，耗时 0.75 秒
2025-10-23 07:27:25,815 - INFO - [main.collect_all_data] - --- 处理第 16 页 (Ranks 3751-4000) ---
2025-10-23 07:27:25,816 - INFO - [data_fetcher.fetch_coin_data] - 正在获取第 16 页数据（第 1 次尝试）...
2025-10-23 07:27:26,451 - INFO - [data_fetcher.verify_batch_data] - 当前批次市值范围: $1,044,600.00 - $1,249,461.00
2025-10-23 07:27:26,453 - INFO - [database.save_to_database] - 准备保存数据... 对齐时间戳: 1761204420000 (2025-10-23 07:27:00 UTC)
2025-10-23 07:27:26,483 - INFO - [database.save_to_database] - 成功保存并验证 250 条记录 (Rank: 3752 ...)
2025-10-23 07:27:26,483 - INFO - [main.collect_all_data] - 第 16 页处理完成，耗时 0.67 秒
2025-10-23 07:27:27,484 - INFO - [main.collect_all_data] - --- 处理第 17 页 (Ranks 4001-4250) ---
2025-10-23 07:27:27,485 - INFO - [data_fetcher.fetch_coin_data] - 正在获取第 17 页数据（第 1 次尝试）...
2025-10-23 07:27:28,326 - INFO - [data_fetcher.verify_batch_data] - 当前批次市值范围: $864,370.00 - $1,043,806.00
2025-10-23 07:27:28,328 - INFO - [data_fetcher.verify_batch_data] - 检测到市值低于 $1,000,000 的币种 (最小: $864,370.00)，本轮采集完成
2025-10-23 07:27:28,329 - INFO - [database.save_to_database] - 准备保存数据... 对齐时间戳: 1761204420000 (2025-10-23 07:27:00 UTC)
2025-10-23 07:27:28,362 - INFO - [database.save_to_database] - 成功保存并验证 250 条记录 (Rank: 4000 ...)
2025-10-23 07:27:28,363 - INFO - [main.collect_all_data] - 第 17 页处理完成，耗时 0.88 秒
2025-10-23 07:27:28,363 - INFO - [main.collect_all_data] - 触发停止条件 (最小市值 $864,370.00)，本轮采集完成
2025-10-23 07:27:28,757 - INFO - [main.collect_all_data] - --- 数据采集完成 ---
总耗时: 28.12 秒
总币种数: 4250
成功页数: 17
失败页数: 0
最小市值: $864,370.00
2025-10-23 07:30:00,916 - INFO - [main.collect_all_data] - --- 开始新一轮数据采集 ---
2025-10-23 07:30:00,926 - INFO - [main.collect_all_data] - --- 处理第 1 页 (Ranks 1-250) ---
2025-10-23 07:30:00,927 - INFO - [data_fetcher.fetch_coin_data] - 正在获取第 1 页数据（第 1 次尝试）...
2025-10-23 07:30:02,987 - INFO - [data_fetcher.verify_batch_data] - 当前批次市值范围: $291,884,264.00 - $2,183,592,927,754.00
2025-10-23 07:30:02,988 - INFO - [database.save_to_database] - 准备保存数据... 对齐时间戳: 1761204600000 (2025-10-23 07:30:00 UTC)
2025-10-23 07:30:03,011 - INFO - [database.save_to_database] - 成功保存并验证 250 条记录 (Rank: 1 ...)
2025-10-23 07:30:03,011 - INFO - [main.collect_all_data] - 第 1 页处理完成，耗时 2.08 秒
2025-10-23 07:30:04,012 - INFO - [main.collect_all_data] - --- 处理第 2 页 (Ranks 251-500) ---
2025-10-23 07:30:04,013 - INFO - [data_fetcher.fetch_coin_data] - 正在获取第 2 页数据（第 1 次尝试）...
2025-10-23 07:30:04,830 - INFO - [data_fetcher.verify_batch_data] - 当前批次市值范围: $97,915,644.00 - $291,255,849.00
2025-10-23 07:30:04,832 - INFO - [database.save_to_database] - 准备保存数据... 对齐时间戳: 1761204600000 (2025-10-23 07:30:00 UTC)
2025-10-23 07:30:04,870 - INFO - [database.save_to_database] - 成功保存并验证 250 条记录 (Rank: 251 ...)
2025-10-23 07:30:04,871 - INFO - [main.collect_all_data] - 第 2 页处理完成，耗时 0.86 秒
2025-10-23 07:30:05,872 - INFO - [main.collect_all_data] - --- 处理第 3 页 (Ranks 501-750) ---
2025-10-23 07:30:05,872 - INFO - [data_fetcher.fetch_coin_data] - 正在获取第 3 页数据（第 1 次尝试）...
2025-10-23 07:30:06,545 - INFO - [data_fetcher.verify_batch_data] - 当前批次市值范围: $48,466,990.00 - $97,462,896.00
2025-10-23 07:30:06,547 - INFO - [database.save_to_database] - 准备保存数据... 对齐时间戳: 1761204600000 (2025-10-23 07:30:00 UTC)
2025-10-23 07:30:06,575 - INFO - [database.save_to_database] - 成功保存并验证 250 条记录 (Rank: 501 ...)
2025-10-23 07:30:06,575 - INFO - [main.collect_all_data] - 第 3 页处理完成，耗时 0.70 秒
2025-10-23 07:30:07,576 - INFO - [main.collect_all_data] - --- 处理第 4 页 (Ranks 751-1000) ---
2025-10-23 07:30:07,577 - INFO - [data_fetcher.fetch_coin_data] - 正在获取第 4 页数据（第 1 次尝试）...
2025-10-23 07:30:08,406 - INFO - [data_fetcher.verify_batch_data] - 当前批次市值范围: $31,652,589.00 - $48,414,453.00
2025-10-23 07:30:08,407 - INFO - [database.save_to_database] - 准备保存数据... 对齐时间戳: 1761204600000 (2025-10-23 07:30:00 UTC)
2025-10-23 07:30:08,437 - INFO - [database.save_to_database] - 成功保存并验证 250 条记录 (Rank: 751 ...)
2025-10-23 07:30:08,437 - INFO - [main.collect_all_data] - 第 4 页处理完成，耗时 0.86 秒
2025-10-23 07:30:09,438 - INFO - [main.collect_all_data] - --- 处理第 5 页 (Ranks 1001-1250) ---
2025-10-23 07:30:09,439 - INFO - [data_fetcher.fetch_coin_data] - 正在获取第 5 页数据（第 1 次尝试）...
2025-10-23 07:30:10,123 - INFO - [data_fetcher.verify_batch_data] - 当前批次市值范围: $21,224,375.00 - $31,575,500.00
2025-10-23 07:30:10,124 - INFO - [database.save_to_database] - 准备保存数据... 对齐时间戳: 1761204600000 (2025-10-23 07:30:00 UTC)
2025-10-23 07:30:10,143 - INFO - [database.save_to_database] - 成功保存并验证 250 条记录 (Rank: 1001 ...)
2025-10-23 07:30:10,143 - INFO - [main.collect_all_data] - 第 5 页处理完成，耗时 0.70 秒
2025-10-23 07:30:11,144 - INFO - [main.collect_all_data] - --- 处理第 6 页 (Ranks 1251-1500) ---
2025-10-23 07:30:11,144 - INFO - [data_fetcher.fetch_coin_data] - 正在获取第 6 页数据（第 1 次尝试）...
2025-10-23 07:30:11,715 - INFO - [data_fetcher.verify_batch_data] - 当前批次市值范围: $14,300,144.00 - $21,222,824.00
2025-10-23 07:30:11,716 - INFO - [database.save_to_database] - 准备保存数据... 对齐时间戳: 1761204600000 (2025-10-23 07:30:00 UTC)
2025-10-23 07:30:11,737 - INFO - [database.save_to_database] - 成功保存并验证 250 条记录 (Rank: 1251 ...)
2025-10-23 07:30:11,738 - INFO - [main.collect_all_data] - 第 6 页处理完成，耗时 0.59 秒
2025-10-23 07:30:12,739 - INFO - [main.collect_all_data] - --- 处理第 7 页 (Ranks 1501-1750) ---
2025-10-23 07:30:12,739 - INFO - [data_fetcher.fetch_coin_data] - 正在获取第 7 页数据（第 1 次尝试）...
2025-10-23 07:30:13,425 - INFO - [data_fetcher.verify_batch_data] - 当前批次市值范围: $9,982,796.00 - $14,282,160.00
2025-10-23 07:30:13,426 - INFO - [database.save_to_database] - 准备保存数据... 对齐时间戳: 1761204600000 (2025-10-23 07:30:00 UTC)
2025-10-23 07:30:13,458 - INFO - [database.save_to_database] - 成功保存并验证 250 条记录 (Rank: 1501 ...)
2025-10-23 07:30:13,459 - INFO - [main.collect_all_data] - 第 7 页处理完成，耗时 0.72 秒
2025-10-23 07:30:14,460 - INFO - [main.collect_all_data] - --- 处理第 8 页 (Ranks 1751-2000) ---
2025-10-23 07:30:14,460 - INFO - [data_fetcher.fetch_coin_data] - 正在获取第 8 页数据（第 1 次尝试）...
2025-10-23 07:30:15,465 - INFO - [data_fetcher.verify_batch_data] - 当前批次市值范围: $7,070,246.00 - $9,961,422.00
2025-10-23 07:30:15,467 - INFO - [database.save_to_database] - 准备保存数据... 对齐时间戳: 1761204600000 (2025-10-23 07:30:00 UTC)
2025-10-23 07:30:15,495 - INFO - [database.save_to_database] - 成功保存并验证 250 条记录 (Rank: 1751 ...)
2025-10-23 07:30:15,496 - INFO - [main.collect_all_data] - 第 8 页处理完成，耗时 1.04 秒
2025-10-23 07:30:16,497 - INFO - [main.collect_all_data] - --- 处理第 9 页 (Ranks 2001-2250) ---
2025-10-23 07:30:16,497 - INFO - [data_fetcher.fetch_coin_data] - 正在获取第 9 页数据（第 1 次尝试）...
2025-10-23 07:30:17,882 - INFO - [data_fetcher.verify_batch_data] - 当前批次市值范围: $5,257,089.00 - $7,054,187.00
2025-10-23 07:30:17,889 - INFO - [database.save_to_database] - 准备保存数据... 对齐时间戳: 1761204600000 (2025-10-23 07:30:00 UTC)
2025-10-23 07:30:17,919 - INFO - [database.save_to_database] - 成功保存并验证 250 条记录 (Rank: 2001 ...)
2025-10-23 07:30:17,919 - INFO - [main.collect_all_data] - 第 9 页处理完成，耗时 1.42 秒
2025-10-23 07:30:18,920 - INFO - [main.collect_all_data] - --- 处理第 10 页 (Ranks 2251-2500) ---
2025-10-23 07:30:18,921 - INFO - [data_fetcher.fetch_coin_data] - 正在获取第 10 页数据（第 1 次尝试）...
2025-10-23 07:30:19,573 - INFO - [data_fetcher.verify_batch_data] - 当前批次市值范围: $3,968,937.00 - $5,240,811.00
2025-10-23 07:30:19,574 - INFO - [database.save_to_database] - 准备保存数据... 对齐时间戳: 1761204600000 (2025-10-23 07:30:00 UTC)
2025-10-23 07:30:19,606 - INFO - [database.save_to_database] - 成功保存并验证 250 条记录 (Rank: 2251 ...)
2025-10-23 07:30:19,606 - INFO - [main.collect_all_data] - 第 10 页处理完成，耗时 0.69 秒
2025-10-23 07:30:20,607 - INFO - [main.collect_all_data] - --- 处理第 11 页 (Ranks 2501-2750) ---
2025-10-23 07:30:20,608 - INFO - [data_fetcher.fetch_coin_data] - 正在获取第 11 页数据（第 1 次尝试）...
2025-10-23 07:30:21,239 - INFO - [data_fetcher.verify_batch_data] - 当前批次市值范围: $3,059,209.00 - $3,966,976.00
2025-10-23 07:30:21,240 - INFO - [database.save_to_database] - 准备保存数据... 对齐时间戳: 1761204600000 (2025-10-23 07:30:00 UTC)
2025-10-23 07:30:21,271 - INFO - [database.save_to_database] - 成功保存并验证 250 条记录 (Rank: 2501 ...)
2025-10-23 07:30:21,271 - INFO - [main.collect_all_data] - 第 11 页处理完成，耗时 0.66 秒
2025-10-23 07:30:22,273 - INFO - [main.collect_all_data] - --- 处理第 12 页 (Ranks 2751-3000) ---
2025-10-23 07:30:22,273 - INFO - [data_fetcher.fetch_coin_data] - 正在获取第 12 页数据（第 1 次尝试）...
2025-10-23 07:30:23,653 - INFO - [data_fetcher.verify_batch_data] - 当前批次市值范围: $2,374,117.00 - $3,057,996.00
2025-10-23 07:30:23,654 - INFO - [database.save_to_database] - 准备保存数据... 对齐时间戳: 1761204600000 (2025-10-23 07:30:00 UTC)
2025-10-23 07:30:23,687 - INFO - [database.save_to_database] - 成功保存并验证 250 条记录 (Rank: 2747 ...)
2025-10-23 07:30:23,687 - INFO - [main.collect_all_data] - 第 12 页处理完成，耗时 1.41 秒
2025-10-23 07:30:24,688 - INFO - [main.collect_all_data] - --- 处理第 13 页 (Ranks 3001-3250) ---
2025-10-23 07:30:24,689 - INFO - [data_fetcher.fetch_coin_data] - 正在获取第 13 页数据（第 1 次尝试）...
2025-10-23 07:30:25,382 - INFO - [data_fetcher.verify_batch_data] - 当前批次市值范围: $1,930,601.00 - $2,373,785.00
2025-10-23 07:30:25,383 - INFO - [database.save_to_database] - 准备保存数据... 对齐时间戳: 1761204600000 (2025-10-23 07:30:00 UTC)
2025-10-23 07:30:25,399 - INFO - [database.save_to_database] - 成功保存并验证 250 条记录 (Rank: 3001 ...)
2025-10-23 07:30:25,399 - INFO - [main.collect_all_data] - 第 13 页处理完成，耗时 0.71 秒
2025-10-23 07:30:26,400 - INFO - [main.collect_all_data] - --- 处理第 14 页 (Ranks 3251-3500) ---
2025-10-23 07:30:26,400 - INFO - [data_fetcher.fetch_coin_data] - 正在获取第 14 页数据（第 1 次尝试）...
2025-10-23 07:30:27,246 - INFO - [data_fetcher.verify_batch_data] - 当前批次市值范围: $1,532,695.00 - $1,927,633.00
2025-10-23 07:30:27,247 - INFO - [database.save_to_database] - 准备保存数据... 对齐时间戳: 1761204600000 (2025-10-23 07:30:00 UTC)
2025-10-23 07:30:27,272 - INFO - [database.save_to_database] - 成功保存并验证 250 条记录 (Rank: 3251 ...)
2025-10-23 07:30:27,272 - INFO - [main.collect_all_data] - 第 14 页处理完成，耗时 0.87 秒
2025-10-23 07:30:28,274 - INFO - [main.collect_all_data] - --- 处理第 15 页 (Ranks 3501-3750) ---
2025-10-23 07:30:28,274 - INFO - [data_fetcher.fetch_coin_data] - 正在获取第 15 页数据（第 1 次尝试）...
2025-10-23 07:30:28,999 - INFO - [data_fetcher.verify_batch_data] - 当前批次市值范围: $1,251,368.00 - $1,532,267.00
2025-10-23 07:30:29,001 - INFO - [database.save_to_database] - 准备保存数据... 对齐时间戳: 1761204600000 (2025-10-23 07:30:00 UTC)
2025-10-23 07:30:29,039 - INFO - [database.save_to_database] - 成功保存并验证 250 条记录 (Rank: 3501 ...)
2025-10-23 07:30:29,039 - INFO - [main.collect_all_data] - 第 15 页处理完成，耗时 0.77 秒
2025-10-23 07:30:30,040 - INFO - [main.collect_all_data] - --- 处理第 16 页 (Ranks 3751-4000) ---
2025-10-23 07:30:30,040 - INFO - [data_fetcher.fetch_coin_data] - 正在获取第 16 页数据（第 1 次尝试）...
2025-10-23 07:30:30,725 - INFO - [data_fetcher.verify_batch_data] - 当前批次市值范围: $1,044,413.00 - $1,249,461.00
2025-10-23 07:30:30,727 - INFO - [database.save_to_database] - 准备保存数据... 对齐时间戳: 1761204600000 (2025-10-23 07:30:00 UTC)
2025-10-23 07:30:30,756 - INFO - [database.save_to_database] - 成功保存并验证 250 条记录 (Rank: 3751 ...)
2025-10-23 07:30:30,757 - INFO - [main.collect_all_data] - 第 16 页处理完成，耗时 0.72 秒
2025-10-23 07:30:31,761 - INFO - [main.collect_all_data] - --- 处理第 17 页 (Ranks 4001-4250) ---
2025-10-23 07:30:31,761 - INFO - [data_fetcher.fetch_coin_data] - 正在获取第 17 页数据（第 1 次尝试）...
2025-10-23 07:30:32,372 - INFO - [data_fetcher.verify_batch_data] - 当前批次市值范围: $861,323.00 - $1,043,900.00
2025-10-23 07:30:32,373 - INFO - [data_fetcher.verify_batch_data] - 检测到市值低于 $1,000,000 的币种 (最小: $861,323.00)，本轮采集完成
2025-10-23 07:30:32,374 - INFO - [database.save_to_database] - 准备保存数据... 对齐时间戳: 1761204600000 (2025-10-23 07:30:00 UTC)
2025-10-23 07:30:32,391 - INFO - [database.save_to_database] - 成功保存并验证 250 条记录 (Rank: 4001 ...)
2025-10-23 07:30:32,391 - INFO - [main.collect_all_data] - 第 17 页处理完成，耗时 0.63 秒
2025-10-23 07:30:32,391 - INFO - [main.collect_all_data] - 触发停止条件 (最小市值 $861,323.00)，本轮采集完成
2025-10-23 07:30:32,733 - INFO - [main.collect_all_data] - --- 数据采集完成 ---
总耗时: 31.47 秒
总币种数: 4250
成功页数: 17
失败页数: 0
最小市值: $861,323.00
